# JRE version: Java(TM) SE Runtime Environment (8.0_25-b17) (build 1.8.0_25-b17)
# Java VM: Java HotSpot(TM) 64-Bit Server VM (25.25-b02 mixed mode bsd-amd64 compressed oops)
Heap:
 PSYoungGen      total 289792K, used 34854K [0x00000007aab00000, 0x00000007bf980000, 0x00000007c0000000)
  eden space 241152K, 2% used [0x00000007aab00000,0x00000007aafe8738,0x00000007b9680000)
  from space 48640K, 61% used [0x00000007bca00000,0x00000007be721308,0x00000007bf980000)
  to   space 50688K, 0% used [0x00000007b9680000,0x00000007b9680000,0x00000007bc800000)
 ParOldGen       total 366080K, used 302941K [0x0000000780000000, 0x0000000796580000, 0x00000007aab00000)
  object space 366080K, 82% used [0x0000000780000000,0x00000007927d77d8,0x0000000796580000)
 Metaspace       used 67135K, capacity 67515K, committed 67968K, reserved 1107968K
  class space    used 9183K, capacity 9278K, committed 9344K, reserved 1048576K
Heap after GC invocations=86 (full 10):
 PSYoungGen      total 274944K, used 27786K [0x00000007aab00000, 0x00000007bf300000, 0x00000007c0000000)
  eden space 220160K, 0% used [0x00000007aab00000,0x00000007aab00000,0x00000007b8200000)
  from space 54784K, 50% used [0x00000007bbd80000,0x00000007bd8a2b38,0x00000007bf300000)
  to   space 57856K, 0% used [0x00000007b8200000,0x00000007b8200000,0x00000007bba80000)
 ParOldGen       total 366080K, used 302917K [0x0000000780000000, 0x0000000796580000, 0x00000007aab00000)
  object space 366080K, 82% used [0x0000000780000000,0x00000007927d17d8,0x0000000796580000)
 Metaspace       used 67018K, capacity 67419K, committed 67968K, reserved 1107968K
  class space    used 9172K, capacity 9246K, committed 9344K, reserved 1048576K
Heap after GC invocations=87 (full 10):
 PSYoungGen      total 278016K, used 28427K [0x00000007aab00000, 0x00000007bfa00000, 0x00000007c0000000)
  eden space 220160K, 0% used [0x00000007aab00000,0x00000007aab00000,0x00000007b8200000)
  from space 57856K, 49% used [0x00000007b8200000,0x00000007b9dc2e30,0x00000007bba80000)
  to   space 55808K, 0% used [0x00000007bc380000,0x00000007bc380000,0x00000007bfa00000)
 ParOldGen       total 366080K, used 302925K [0x0000000780000000, 0x0000000796580000, 0x00000007aab00000)
  object space 366080K, 82% used [0x0000000780000000,0x00000007927d37d8,0x0000000796580000)
 Metaspace       used 67040K, capacity 67419K, committed 67968K, reserved 1107968K
  class space    used 9172K, capacity 9246K, committed 9344K, reserved 1048576K
Heap after GC invocations=88 (full 10):
 PSYoungGen      total 280064K, used 28427K [0x00000007aab00000, 0x00000007bf480000, 0x00000007c0000000)
  eden space 229888K, 0% used [0x00000007aab00000,0x00000007aab00000,0x00000007b8b80000)
  from space 50176K, 56% used [0x00000007bc380000,0x00000007bdf42e30,0x00000007bf480000)
  to   space 53760K, 0% used [0x00000007b8b80000,0x00000007b8b80000,0x00000007bc000000)
 ParOldGen       total 366080K, used 302925K [0x0000000780000000, 0x0000000796580000, 0x00000007aab00000)
  object space 366080K, 82% used [0x0000000780000000,0x00000007927d37d8,0x0000000796580000)
 Metaspace       used 67049K, capacity 67419K, committed 67968K, reserved 1107968K
  class space    used 9172K, capacity 9246K, committed 9344K, reserved 1048576K
Heap after GC invocations=89 (full 10):
 PSYoungGen      total 283648K, used 28555K [0x00000007aab00000, 0x00000007bfd00000, 0x00000007c0000000)
  eden space 229888K, 0% used [0x00000007aab00000,0x00000007aab00000,0x00000007b8b80000)
  from space 53760K, 53% used [0x00000007b8b80000,0x00000007ba762e30,0x00000007bc000000)
  to   space 52224K, 0% used [0x00000007bca00000,0x00000007bca00000,0x00000007bfd00000)
 ParOldGen       total 366080K, used 302933K [0x0000000780000000, 0x0000000796580000, 0x00000007aab00000)
  object space 366080K, 82% used [0x0000000780000000,0x00000007927d57d8,0x0000000796580000)
 Metaspace       used 67064K, capacity 67419K, committed 67968K, reserved 1107968K
  class space    used 9173K, capacity 9246K, committed 9344K, reserved 1048576K
