# JRE version: Java(TM) SE Runtime Environment (8.0_25-b17) (build 1.8.0_25-b17)
# Java VM: Java HotSpot(TM) 64-Bit Server VM (25.25-b02 mixed mode bsd-amd64 compressed oops)
Heap:
 PSYoungGen      total 247296K, used 180029K [0x00000007aab00000, 0x00000007bf700000, 0x00000007c0000000)
  eden space 162816K, 89% used [0x00000007aab00000,0x00000007b38e1808,0x00000007b4a00000)
  from space 84480K, 41% used [0x00000007b4a00000,0x00000007b6bedef0,0x00000007b9c80000)
  to   space 83456K, 0% used [0x00000007ba580000,0x00000007ba580000,0x00000007bf700000)
 ParOldGen       total 365568K, used 243526K [0x0000000780000000, 0x0000000796500000, 0x00000007aab00000)
  object space 365568K, 66% used [0x0000000780000000,0x000000078edd1b80,0x0000000796500000)
 Metaspace       used 62291K, capacity 62637K, committed 63232K, reserved 1103872K
  class space    used 8780K, capacity 8881K, committed 8960K, reserved 1048576K
GC Heap History (10 events):
Event: 107.088 GC heap before
{Heap before GC invocations=58 (full 9):
 PSYoungGen      total 238592K, used 140288K [0x00000007aab00000, 0x00000007bf800000, 0x00000007c0000000)
  eden space 140288K, 100% used [0x00000007aab00000,0x00000007b3400000,0x00000007b3400000)
  from space 98304K, 0% used [0x00000007b9800000,0x00000007b9800000,0x00000007bf800000)
  to   space 100352K, 0% used [0x00000007b3400000,0x00000007b3400000,0x00000007b9600000)
 ParOldGen       total 365568K, used 243115K [0x0000000780000000, 0x0000000796500000, 0x00000007aab00000)
  object space 365568K, 66% used [0x0000000780000000,0x000000078ed6ac48,0x0000000796500000)
 Metaspace       used 59617K, capacity 59975K, committed 60416K, reserved 1101824K
  class space    used 8499K, capacity 8592K, committed 8704K, reserved 1048576K
Event: 107.092 GC heap after
Heap after GC invocations=58 (full 9):
 PSYoungGen      total 240640K, used 544K [0x00000007aab00000, 0x00000007bfd00000, 0x00000007c0000000)
  eden space 140288K, 0% used [0x00000007aab00000,0x00000007aab00000,0x00000007b3400000)
  from space 100352K, 0% used [0x00000007b3400000,0x00000007b3488000,0x00000007b9600000)
  to   space 97792K, 0% used [0x00000007b9d80000,0x00000007b9d80000,0x00000007bfd00000)
 ParOldGen       total 365568K, used 243123K [0x0000000780000000, 0x0000000796500000, 0x00000007aab00000)
  object space 365568K, 66% used [0x0000000780000000,0x000000078ed6cc48,0x0000000796500000)
 Metaspace       used 59617K, capacity 59975K, committed 60416K, reserved 1101824K
  class space    used 8499K, capacity 8592K, committed 8704K, reserved 1048576K
}
Event: 107.447 GC heap before
{Heap before GC invocations=59 (full 9):
 PSYoungGen      total 240640K, used 140832K [0x00000007aab00000, 0x00000007bfd00000, 0x00000007c0000000)
  eden space 140288K, 100% used [0x00000007aab00000,0x00000007b3400000,0x00000007b3400000)
  from space 100352K, 0% used [0x00000007b3400000,0x00000007b3488000,0x00000007b9600000)
  to   space 97792K, 0% used [0x00000007b9d80000,0x00000007b9d80000,0x00000007bfd00000)
 ParOldGen       total 365568K, used 243123K [0x0000000780000000, 0x0000000796500000, 0x00000007aab00000)
  object space 365568K, 66% used [0x0000000780000000,0x000000078ed6cc48,0x0000000796500000)
 Metaspace       used 59621K, capacity 59975K, committed 60416K, reserved 1101824K
  class space    used 8499K, capacity 8592K, committed 8704K, reserved 1048576K
Event: 107.449 GC heap after
Heap after GC invocations=59 (full 9):
 PSYoungGen      total 243200K, used 196K [0x00000007aab00000, 0x00000007bf780000, 0x00000007c0000000)
  eden space 151040K, 0% used [0x00000007aab00000,0x00000007aab00000,0x00000007b3e80000)
  from space 92160K, 0% used [0x00000007b9d80000,0x00000007b9db1010,0x00000007bf780000)
  to   space 94720K, 0% used [0x00000007b3e80000,0x00000007b3e80000,0x00000007b9b00000)
 ParOldGen       total 365568K, used 243502K [0x0000000780000000, 0x0000000796500000, 0x00000007aab00000)
  object space 365568K, 66% used [0x0000000780000000,0x000000078edcbb80,0x0000000796500000)
 Metaspace       used 59621K, capacity 59975K, committed 60416K, reserved 1101824K
  class space    used 8499K, capacity 8592K, committed 8704K, reserved 1048576K
}
Event: 108.127 GC heap before
{Heap before GC invocations=60 (full 9):
 PSYoungGen      total 243200K, used 151236K [0x00000007aab00000, 0x00000007bf780000, 0x00000007c0000000)
  eden space 151040K, 100% used [0x00000007aab00000,0x00000007b3e80000,0x00000007b3e80000)
  from space 92160K, 0% used [0x00000007b9d80000,0x00000007b9db1010,0x00000007bf780000)
  to   space 94720K, 0% used [0x00000007b3e80000,0x00000007b3e80000,0x00000007b9b00000)
 ParOldGen       total 365568K, used 243502K [0x0000000780000000, 0x0000000796500000, 0x00000007aab00000)
  object space 365568K, 66% used [0x0000000780000000,0x000000078edcbb80,0x0000000796500000)
 Metaspace       used 60356K, capacity 60647K, committed 61184K, reserved 1101824K
  class space    used 8573K, capacity 8688K, committed 8704K, reserved 1048576K
Event: 108.136 GC heap after
Heap after GC invocations=60 (full 9):
 PSYoungGen      total 245760K, used 5804K [0x00000007aab00000, 0x00000007bfa80000, 0x00000007c0000000)
  eden space 151040K, 0% used [0x00000007aab00000,0x00000007aab00000,0x00000007b3e80000)
  from space 94720K, 6% used [0x00000007b3e80000,0x00000007b442b268,0x00000007b9b00000)
  to   space 90624K, 0% used [0x00000007ba200000,0x00000007ba200000,0x00000007bfa80000)
 ParOldGen       total 365568K, used 243510K [0x0000000780000000, 0x0000000796500000, 0x00000007aab00000)
  object space 365568K, 66% used [0x0000000780000000,0x000000078edcdb80,0x0000000796500000)
 Metaspace       used 60356K, capacity 60647K, committed 61184K, reserved 1101824K
  class space    used 8573K, capacity 8688K, committed 8704K, reserved 1048576K
}
Event: 109.397 GC heap before
{Heap before GC invocations=61 (full 9):
 PSYoungGen      total 245760K, used 156844K [0x00000007aab00000, 0x00000007bfa80000, 0x00000007c0000000)
  eden space 151040K, 100% used [0x00000007aab00000,0x00000007b3e80000,0x00000007b3e80000)
  from space 94720K, 6% used [0x00000007b3e80000,0x00000007b442b268,0x00000007b9b00000)
  to   space 90624K, 0% used [0x00000007ba200000,0x00000007ba200000,0x00000007bfa80000)
 ParOldGen       total 365568K, used 243510K [0x0000000780000000, 0x0000000796500000, 0x00000007aab00000)
  object space 365568K, 66% used [0x0000000780000000,0x000000078edcdb80,0x0000000796500000)
 Metaspace       used 61580K, capacity 61997K, committed 62336K, reserved 1103872K
  class space    used 8710K, capacity 8817K, committed 8832K, reserved 1048576K
Event: 109.437 GC heap after
Heap after GC invocations=61 (full 9):
 PSYoungGen      total 241664K, used 24076K [0x00000007aab00000, 0x00000007bef00000, 0x00000007c0000000)
  eden space 162816K, 0% used [0x00000007aab00000,0x00000007aab00000,0x00000007b4a00000)
  from space 78848K, 30% used [0x00000007ba200000,0x00000007bb983378,0x00000007bef00000)
  to   space 84480K, 0% used [0x00000007b4a00000,0x00000007b4a00000,0x00000007b9c80000)
 ParOldGen       total 365568K, used 243518K [0x0000000780000000, 0x0000000796500000, 0x00000007aab00000)
  object space 365568K, 66% used [0x0000000780000000,0x000000078edcfb80,0x0000000796500000)
 Metaspace       used 61580K, capacity 61997K, committed 62336K, reserved 1103872K
  class space    used 8710K, capacity 8817K, committed 8832K, reserved 1048576K
}
Event: 522.310 GC heap before
{Heap before GC invocations=62 (full 9):
 PSYoungGen      total 241664K, used 186892K [0x00000007aab00000, 0x00000007bef00000, 0x00000007c0000000)
  eden space 162816K, 100% used [0x00000007aab00000,0x00000007b4a00000,0x00000007b4a00000)
  from space 78848K, 30% used [0x00000007ba200000,0x00000007bb983378,0x00000007bef00000)
  to   space 84480K, 0% used [0x00000007b4a00000,0x00000007b4a00000,0x00000007b9c80000)
 ParOldGen       total 365568K, used 243518K [0x0000000780000000, 0x0000000796500000, 0x00000007aab00000)
  object space 365568K, 66% used [0x0000000780000000,0x000000078edcfb80,0x0000000796500000)
 Metaspace       used 62257K, capacity 62573K, committed 62976K, reserved 1103872K
  class space    used 8779K, capacity 8881K, committed 8960K, reserved 1048576K
Event: 522.805 GC heap after
Heap after GC invocations=62 (full 9):
 PSYoungGen      total 247296K, used 34743K [0x00000007aab00000, 0x00000007bf700000, 0x00000007c0000000)
  eden space 162816K, 0% used [0x00000007aab00000,0x00000007aab00000,0x00000007b4a00000)
  from space 84480K, 41% used [0x00000007b4a00000,0x00000007b6bedef0,0x00000007b9c80000)
  to   space 83456K, 0% used [0x00000007ba580000,0x00000007ba580000,0x00000007bf700000)
 ParOldGen       total 365568K, used 243526K [0x0000000780000000, 0x0000000796500000, 0x00000007aab00000)
  object space 365568K, 66% used [0x0000000780000000,0x000000078edd1b80,0x0000000796500000)
 Metaspace       used 62257K, capacity 62573K, committed 62976K, reserved 1103872K
  class space    used 8779K, capacity 8881K, committed 8960K, reserved 1048576K
}

